<?xml version="1.0" encoding="UTF-8"?>
<TestRun id="60c60d51-7cc5-4c26-8dbe-ca0106a95fd2" name="rajku@DESKTOP-F9EENFS 2018-11-15 00:46:35" runUser="DESKTOP-F9EENFS\rajku" xmlns="http://microsoft.com/schemas/VisualStudio/TeamTest/2010">
  <TestSettings name="Default Test Settings" id="e999ffcf-5f13-44da-96bd-982b13fbf402">
    <Execution>
      <TestTypeSpecific />
      <AgentRule name="Execution Agents">
      </AgentRule>
    </Execution>
    <Deployment runDeploymentRoot="rajku_DESKTOP-F9EENFS 2018-11-15 00_46_35" />
    <Properties />
  </TestSettings>
  <Times creation="2018-11-15T00:46:35.0750498+05:30" queuing="2018-11-15T00:46:36.9166037+05:30" start="2018-11-15T00:46:37.0957421+05:30" finish="2018-11-15T00:46:37.9746751+05:30" />
  <ResultSummary outcome="Completed">
    <Counters total="1" executed="1" passed="1" error="0" failed="0" timeout="0" aborted="0" inconclusive="0" passedButRunAborted="0" notRunnable="0" notExecuted="0" disconnected="0" warning="0" completed="0" inProgress="0" pending="0" />
  </ResultSummary>
  <TestDefinitions>
    <UnitTest name="TestMethod1" storage="sampletest\bin\debug\sampletest.dll" id="71950bbe-5971-4be4-9c8b-23e090c15166">
      <Execution id="a4e896ef-6c16-42b7-a47d-62069cad6d97" />
      <TestMethod codeBase="C:/Users/rajku/Documents/Visual Studio 2013/Projects/SampleHelloWorld/SampleTest/bin/debug/SampleTest.DLL" adapterTypeName="Microsoft.VisualStudio.TestTools.TestTypes.Unit.UnitTestAdapter, Microsoft.VisualStudio.QualityTools.Tips.UnitTest.Adapter, Version=12.0.0.0, Culture=neutral, PublicKeyToken=b03f5f7f11d50a3a" className="SampleTest.UnitTest1, SampleTest, Version=1.0.0.0, Culture=neutral, PublicKeyToken=null" name="TestMethod1" />
    </UnitTest>
  </TestDefinitions>
  <TestLists>
    <TestList name="Results Not in a List" id="8c84fa94-04c1-424b-9868-57a2d4851a1d" />
    <TestList name="All Loaded Results" id="19431567-8539-422a-85d7-44ee4e166bda" />
  </TestLists>
  <TestEntries>
    <TestEntry testId="71950bbe-5971-4be4-9c8b-23e090c15166" executionId="a4e896ef-6c16-42b7-a47d-62069cad6d97" testListId="8c84fa94-04c1-424b-9868-57a2d4851a1d" />
  </TestEntries>
  <Results>
    <UnitTestResult executionId="a4e896ef-6c16-42b7-a47d-62069cad6d97" testId="71950bbe-5971-4be4-9c8b-23e090c15166" testName="TestMethod1" computerName="DESKTOP-F9EENFS" duration="00:00:00.0436934" startTime="2018-11-15T00:46:37.3580574+05:30" endTime="2018-11-15T00:46:37.8783975+05:30" testType="13cdc9d9-ddb5-4fa4-a97d-d965ccfc6d4b" outcome="Passed" testListId="8c84fa94-04c1-424b-9868-57a2d4851a1d" relativeResultsDirectory="a4e896ef-6c16-42b7-a47d-62069cad6d97">
    </UnitTestResult>
  </Results>
</TestRun>